TN:
SF:src\middleware.ts
FN:25,(anonymous_0)
FNF:1
FNH:0
FNDA:0,(anonymous_0)
DA:4,0
DA:25,0
DA:26,0
DA:28,0
DA:29,0
DA:31,0
DA:32,0
DA:33,0
DA:34,0
DA:35,0
DA:46,0
DA:47,0
DA:48,0
DA:49,0
DA:51,0
LF:15
LH:0
BRDA:28,0,0,0
BRDA:28,0,1,0
BRDA:31,1,0,0
BRDA:31,1,1,0
BRDA:32,2,0,0
BRDA:32,2,1,0
BRDA:34,3,0,0
BRDA:34,3,1,0
BRF:8
BRH:0
end_of_record
TN:
SF:src\application\use-cases\fetch-contributions.ts
FN:6,(anonymous_0)
FN:7,(anonymous_1)
FNF:2
FNH:2
FNDA:4,(anonymous_0)
FNDA:8,(anonymous_1)
DA:6,3
DA:7,4
DA:8,8
LF:3
LH:3
BRF:0
BRH:0
end_of_record
TN:
SF:src\application\use-cases\render-calendar-svg.ts
FN:4,(anonymous_0)
FN:5,(anonymous_1)
FNF:2
FNH:2
FNDA:2,(anonymous_0)
FNDA:3,(anonymous_1)
DA:4,2
DA:5,2
DA:6,3
LF:3
LH:3
BRF:0
BRH:0
end_of_record
TN:
SF:src\domain\failures\failure.ts
FN:23,(anonymous_0)
FN:24,(anonymous_1)
FN:29,(anonymous_2)
FN:30,(anonymous_3)
FNF:4
FNH:4
FNDA:8,(anonymous_0)
FNDA:16,(anonymous_1)
FNDA:8,(anonymous_2)
FNDA:4,(anonymous_3)
DA:1,10
DA:10,10
DA:23,10
DA:24,16
DA:29,10
DA:30,10
LF:6
LH:6
BRF:0
BRH:0
end_of_record
TN:
SF:src\domain\services\svg-geometry.ts
FN:20,(anonymous_0)
FN:22,(anonymous_1)
FN:38,(anonymous_2)
FN:57,(anonymous_3)
FNF:4
FNH:4
FNDA:21,(anonymous_0)
FNDA:745,(anonymous_1)
FNDA:19,(anonymous_2)
FNDA:745,(anonymous_3)
DA:1,4
DA:2,4
DA:3,4
DA:4,4
DA:5,4
DA:6,4
DA:7,4
DA:8,4
DA:9,4
DA:10,4
DA:11,4
DA:13,4
DA:20,21
DA:22,745
DA:38,4
DA:39,19
DA:40,19
DA:41,19
DA:42,19
DA:57,4
DA:58,745
DA:59,745
DA:60,4470
DA:61,4470
DA:63,745
LF:25
LH:25
BRDA:20,0,0,21
BRDA:20,0,1,8
BRDA:22,1,0,76
BRDA:22,1,1,669
BRDA:40,2,0,16
BRDA:40,2,1,3
BRDA:41,3,0,16
BRDA:41,3,1,3
BRF:8
BRH:8
end_of_record
TN:
SF:src\domain\value-objects\calendar-labels.ts
FN:5,(anonymous_0)
FNF:1
FNH:1
FNDA:48,(anonymous_0)
DA:1,4
DA:3,4
DA:5,4
DA:6,48
DA:9,4
LF:5
LH:5
BRF:0
BRH:0
end_of_record
TN:
SF:src\domain\value-objects\contribution-level.ts
FN:5,(anonymous_0)
FNF:1
FNH:1
FNDA:14,(anonymous_0)
DA:3,5
DA:5,5
DA:6,14
LF:3
LH:3
BRF:0
BRH:0
end_of_record
TN:
SF:src\domain\value-objects\palette.ts
FN:12,(anonymous_0)
FN:25,(anonymous_1)
FNF:2
FNH:2
FNDA:44,(anonymous_0)
FNDA:6,(anonymous_1)
DA:11,4
DA:12,44
DA:22,4
DA:23,4
DA:25,6
LF:5
LH:5
BRDA:25,0,0,6
BRDA:25,0,1,1
BRF:2
BRH:2
end_of_record
TN:
SF:src\domain\value-objects\shape.ts
FN:13,(anonymous_0)
FN:17,(anonymous_1)
FNF:2
FNH:2
FNDA:15,(anonymous_0)
FNDA:10,(anonymous_1)
DA:3,3
DA:13,15
DA:15,3
DA:17,10
LF:4
LH:4
BRF:0
BRH:0
end_of_record
TN:
SF:src\domain\value-objects\username.ts
FN:12,(anonymous_0)
FN:20,(anonymous_1)
FNF:2
FNH:2
FNDA:23,(anonymous_0)
FNDA:13,(anonymous_1)
DA:4,4
DA:5,4
DA:6,4
DA:12,4
DA:13,23
DA:14,23
DA:15,10
DA:17,13
DA:20,4
DA:21,13
LF:10
LH:10
BRDA:14,0,0,10
BRDA:14,0,1,13
BRDA:21,1,0,13
BRDA:21,1,1,13
BRDA:21,1,2,13
BRF:5
BRH:5
end_of_record
TN:
SF:src\domain\value-objects\year.ts
FN:10,(anonymous_0)
FN:21,(anonymous_1)
FNF:2
FNH:2
FNDA:18,(anonymous_0)
FNDA:14,(anonymous_1)
DA:3,3
DA:10,3
DA:11,18
DA:12,11
DA:13,11
DA:14,10
DA:15,10
DA:16,2
DA:18,8
DA:21,3
DA:22,14
LF:11
LH:11
BRDA:11,0,0,7
BRDA:11,0,1,11
BRDA:11,1,0,18
BRDA:11,1,1,12
BRDA:12,2,0,7
BRDA:12,2,1,4
BRDA:13,3,0,1
BRDA:13,3,1,10
BRDA:15,4,0,2
BRDA:15,4,1,8
BRDA:15,5,0,10
BRDA:15,5,1,9
BRDA:22,6,0,14
BRDA:22,6,1,14
BRDA:22,6,2,10
BRF:15
BRH:15
end_of_record
TN:
SF:src\infrastructure\github\create-github-html-contributions-repository.ts
FN:4,(anonymous_0)
FNF:1
FNH:1
FNDA:3,(anonymous_0)
DA:4,3
LF:1
LH:1
BRF:0
BRH:0
end_of_record
TN:
SF:src\infrastructure\github\github-html-contributions-repository.ts
FN:20,(anonymous_0)
FN:40,(anonymous_1)
FN:58,(anonymous_2)
FN:64,(anonymous_3)
FN:69,(anonymous_4)
FNF:5
FNH:5
FNDA:12,(anonymous_0)
FNDA:6,(anonymous_1)
FNDA:7,(anonymous_2)
FNDA:7,(anonymous_3)
FNDA:12,(anonymous_4)
DA:8,4
DA:9,4
DA:10,4
DA:11,4
DA:12,4
DA:13,4
DA:20,4
DA:21,12
DA:22,12
DA:23,1
DA:24,1
DA:25,1
DA:27,12
DA:40,4
DA:41,6
DA:42,6
DA:44,6
DA:45,7
DA:46,7
DA:47,7
DA:48,7
DA:49,7
DA:50,7
DA:54,6
DA:55,5
DA:58,7
DA:64,7
DA:65,6
DA:68,4
DA:70,12
DA:73,12
DA:74,12
DA:85,1
DA:88,11
DA:89,8
DA:91,6
DA:92,6
DA:93,6
DA:95,5
LF:39
LH:39
BRDA:22,0,0,1
BRDA:22,0,1,11
BRDA:25,1,0,1
BRDA:25,1,1,0
BRDA:48,2,0,7
BRDA:48,2,1,0
BRDA:49,3,0,7
BRDA:49,3,1,0
BRDA:49,4,0,7
BRDA:49,4,1,7
BRDA:61,5,0,0
BRDA:61,5,1,7
BRDA:61,6,0,7
BRDA:61,6,1,2
BRDA:64,7,0,5
BRDA:64,7,1,1
BRDA:64,8,0,7
BRDA:64,8,1,2
BRDA:85,9,0,1
BRDA:85,9,1,0
BRDA:88,10,0,3
BRDA:88,10,1,8
BRDA:89,11,0,2
BRDA:89,11,1,6
BRDA:93,12,0,1
BRDA:93,12,1,5
BRF:26
BRH:21
end_of_record
TN:
SF:src\infrastructure\logging\better-stack-logger.ts
FN:24,resolveLogtail
FN:33,getLogger
FN:37,(anonymous_2)
FN:46,(anonymous_3)
FN:47,(anonymous_4)
FN:48,(anonymous_5)
FNF:6
FNH:6
FNDA:3,resolveLogtail
FNDA:3,getLogger
FNDA:4,(anonymous_2)
FNDA:1,(anonymous_3)
FNDA:1,(anonymous_4)
FNDA:2,(anonymous_5)
DA:20,3
DA:25,3
DA:26,2
DA:27,2
DA:28,2
DA:30,2
DA:34,3
DA:35,3
DA:37,3
DA:38,4
DA:39,0
DA:40,0
DA:41,0
DA:42,0
DA:45,3
DA:46,1
DA:47,1
DA:48,2
LF:18
LH:14
BRDA:25,0,0,1
BRDA:25,0,1,2
BRDA:29,1,0,0
BRDA:29,1,1,2
BRDA:29,2,0,2
BRDA:29,2,1,0
BRDA:35,3,0,0
BRDA:35,3,1,3
BRDA:35,4,0,3
BRDA:35,4,1,0
BRDA:38,5,0,4
BRDA:38,5,1,0
BRDA:40,6,0,0
BRDA:40,6,1,0
BRDA:40,7,0,0
BRDA:40,7,1,0
BRF:16
BRH:7
end_of_record
TN:
SF:src\infrastructure\rendering\svg-string-renderer.ts
FN:27,(anonymous_0)
FN:30,(anonymous_1)
FN:43,(anonymous_2)
FN:44,(anonymous_3)
FN:46,(anonymous_4)
FN:47,(anonymous_5)
FN:48,(anonymous_6)
FN:51,(anonymous_7)
FN:59,(anonymous_8)
FNF:9
FNH:9
FNDA:2227,(anonymous_0)
FNDA:742,(anonymous_1)
FNDA:371,(anonymous_2)
FNDA:372,(anonymous_3)
FNDA:371,(anonymous_4)
FNDA:372,(anonymous_5)
FNDA:1855,(anonymous_6)
FNDA:11,(anonymous_7)
FNDA:583,(anonymous_8)
DA:20,2
DA:21,2
DA:22,2
DA:23,2
DA:24,2
DA:25,2
DA:27,2
DA:28,2227
DA:30,2
DA:31,742
DA:42,2
DA:43,371
DA:45,372
DA:46,371
DA:47,372
DA:48,1855
DA:51,2
DA:52,11
DA:53,11
DA:54,11
DA:55,11
DA:56,11
DA:57,11
DA:59,11
DA:60,583
DA:63,11
DA:64,11
DA:68,11
DA:69,3
DA:72,11
DA:73,10
DA:74,10
DA:75,530
DA:76,530
DA:77,426
DA:78,426
DA:79,426
DA:80,10
DA:83,10
DA:87,10
DA:88,30
DA:94,11
DA:96,11
DA:97,583
DA:98,3341
DA:99,3341
DA:100,3341
DA:101,3341
DA:105,11
DA:106,11
LF:50
LH:50
BRDA:53,0,0,11
BRDA:53,0,1,11
BRDA:54,1,0,11
BRDA:54,1,1,11
BRDA:55,2,0,11
BRDA:55,2,1,9
BRDA:68,3,0,3
BRDA:68,3,1,8
BRDA:72,4,0,10
BRDA:72,4,1,1
BRDA:76,5,0,104
BRDA:76,5,1,426
BRDA:79,6,0,10
BRDA:79,6,1,416
BRDA:79,7,0,426
BRDA:79,7,1,10
BRF:16
BRH:16
end_of_record
TN:
SF:src\pages\api\contributions.ts
FN:20,(anonymous_0)
FN:58,(anonymous_1)
FNF:2
FNH:2
FNDA:5,(anonymous_0)
FNDA:1,(anonymous_1)
DA:10,1
DA:12,1
DA:17,1
DA:18,1
DA:20,1
DA:21,5
DA:22,5
DA:23,1
DA:26,4
DA:27,4
DA:28,1
DA:31,3
DA:32,3
DA:33,0
DA:36,3
DA:37,3
DA:38,2
DA:39,2
DA:40,1
DA:41,1
DA:52,2
DA:55,1
DA:58,1
LF:23
LH:22
BRDA:22,0,0,1
BRDA:22,0,1,4
BRDA:27,1,0,1
BRDA:27,1,1,3
BRDA:32,2,0,0
BRDA:32,2,1,3
BRDA:36,3,0,0
BRDA:36,3,1,3
BRDA:37,4,0,2
BRDA:37,4,1,1
BRDA:39,5,0,1
BRDA:39,5,1,1
BRF:12
BRH:10
end_of_record
TN:
SF:src\pages\api\health.ts
FN:6,(anonymous_0)
FNF:1
FNH:1
FNDA:2,(anonymous_0)
DA:4,1
DA:6,1
DA:7,2
DA:14,2
DA:16,2
LF:5
LH:5
BRDA:17,0,0,1
BRDA:17,0,1,1
BRDA:18,1,0,1
BRDA:18,1,1,1
BRF:4
BRH:4
end_of_record
TN:
SF:src\pages\user\[username].svg.ts
FN:27,(anonymous_0)
FNF:1
FNH:1
FNDA:4,(anonymous_0)
DA:13,1
DA:15,1
DA:17,1
DA:23,1
DA:24,1
DA:25,1
DA:27,1
DA:28,4
DA:29,4
DA:30,1
DA:36,3
DA:37,3
DA:38,1
DA:39,1
DA:40,0
DA:41,0
DA:52,1
DA:62,2
DA:63,2
DA:64,2
DA:66,2
LF:21
LH:19
BRDA:28,0,0,4
BRDA:28,0,1,0
BRDA:29,1,0,1
BRDA:29,1,1,3
BRDA:37,2,0,1
BRDA:37,2,1,2
BRDA:39,3,0,0
BRDA:39,3,1,1
BRDA:63,4,0,2
BRDA:63,4,1,0
BRF:10
BRH:7
end_of_record
TN:
SF:src\ui\components\core\analytics\analytics.ts
FN:6,createAnalytics
FN:10,(anonymous_1)
FN:15,(anonymous_2)
FN:30,(anonymous_3)
FNF:4
FNH:4
FNDA:4,createAnalytics
FNDA:2,(anonymous_1)
FNDA:3,(anonymous_2)
FNDA:6,(anonymous_3)
DA:7,4
DA:9,4
DA:11,2
DA:16,3
DA:17,3
DA:18,1
DA:19,1
DA:20,1
DA:21,1
DA:22,1
DA:23,1
DA:28,4
DA:30,6
LF:13
LH:13
BRDA:12,0,0,1
BRDA:12,0,1,1
BRDA:17,1,0,2
BRDA:17,1,1,1
BRDA:17,2,0,3
BRDA:17,2,1,2
BRF:6
BRH:6
end_of_record
TN:
SF:src\ui\components\core\cookie-consent\config.ts
FN:5,(anonymous_0)
FNF:1
FNH:1
FNDA:3,(anonymous_0)
DA:4,1
DA:6,3
DA:7,3
DA:8,2
LF:4
LH:4
BRDA:6,0,0,3
BRDA:6,0,1,1
BRDA:7,1,0,1
BRDA:7,1,1,2
BRDA:8,2,0,1
BRDA:8,2,1,1
BRF:6
BRH:6
end_of_record
TN:
SF:src\ui\components\core\header\theme-toggle.ts
FN:1,initThemeToggle
FN:7,pinned
FN:11,effective
FN:14,apply
FN:27,(anonymous_4)
FN:37,(anonymous_5)
FNF:6
FNH:0
FNDA:0,initThemeToggle
FNDA:0,pinned
FNDA:0,effective
FNDA:0,apply
FNDA:0,(anonymous_4)
FNDA:0,(anonymous_5)
DA:2,0
DA:3,0
DA:4,0
DA:5,0
DA:8,0
DA:9,0
DA:12,0
DA:15,0
DA:16,0
DA:17,0
DA:18,0
DA:19,0
DA:20,0
DA:21,0
DA:22,0
DA:25,0
DA:27,0
DA:28,0
DA:29,0
DA:30,0
DA:32,0
DA:34,0
DA:37,0
DA:38,0
LF:24
LH:0
BRDA:3,0,0,0
BRDA:3,0,1,0
BRDA:9,1,0,0
BRDA:9,1,1,0
BRDA:9,2,0,0
BRDA:9,2,1,0
BRDA:12,3,0,0
BRDA:12,3,1,0
BRDA:12,4,0,0
BRDA:12,4,1,0
BRDA:18,5,0,0
BRDA:18,5,1,0
BRDA:18,6,0,0
BRDA:18,6,1,0
BRDA:22,7,0,0
BRDA:22,7,1,0
BRDA:29,8,0,0
BRDA:29,8,1,0
BRDA:32,9,0,0
BRDA:32,9,1,0
BRDA:38,10,0,0
BRDA:38,10,1,0
BRF:22
BRH:0
end_of_record
TN:
SF:src\ui\components\error\glyph-utils.ts
FN:21,digitsToMatrix
FN:22,(anonymous_1)
FN:25,(anonymous_2)
FN:43,noiseLevel
FNF:4
FNH:4
FNDA:6,digitsToMatrix
FNDA:42,(anonymous_1)
FNDA:7,(anonymous_2)
FNDA:6,noiseLevel
DA:1,1
DA:2,1
DA:3,1
DA:5,1
DA:18,1
DA:19,1
DA:22,42
DA:23,6
DA:25,6
DA:26,7
DA:27,7
DA:29,7
DA:30,49
DA:31,245
DA:32,245
DA:34,49
DA:35,28
DA:40,6
DA:44,6
DA:45,4
DA:46,2
LF:21
LH:21
BRDA:32,0,0,98
BRDA:32,0,1,147
BRDA:34,1,0,14
BRDA:34,1,1,35
BRDA:44,2,0,2
BRDA:44,2,1,4
BRDA:45,3,0,2
BRDA:45,3,1,2
BRF:8
BRH:8
end_of_record
TN:
SF:src\ui\components\export\code-preview.ts
FN:108,buildMdLines
FN:153,buildCodeBlock
FN:156,(anonymous_2)
FN:162,(anonymous_3)
FNF:4
FNH:0
FNDA:0,buildMdLines
FNDA:0,buildCodeBlock
FNDA:0,(anonymous_2)
FNDA:0,(anonymous_3)
DA:4,0
DA:109,0
DA:110,0
DA:154,0
DA:155,0
DA:156,0
DA:157,0
DA:158,0
DA:159,0
DA:160,0
DA:162,0
DA:163,0
DA:164,0
DA:165,0
DA:166,0
DA:169,0
DA:171,0
LF:17
LH:0
BRDA:159,0,0,0
BRDA:159,0,1,0
BRDA:164,1,0,0
BRDA:164,1,1,0
BRF:4
BRH:0
end_of_record
TN:
SF:src\ui\components\grid\calendar-utils.ts
FN:11,addDays
FN:17,getWeekday
FN:32,buildGridFromApi
FN:38,rehydrateCells
FN:39,(anonymous_4)
FN:42,summarize
FN:43,(anonymous_6)
FN:62,buildCalendarGrid
FN:74,generateData
FNF:9
FNH:9
FNDA:2607,addDays
FNDA:1120,getWeekday
FNDA:2,buildGridFromApi
FNDA:1,rehydrateCells
FNDA:1,(anonymous_4)
FNDA:1,summarize
FNDA:4,(anonymous_6)
FNDA:4,buildCalendarGrid
FNDA:3,generateData
DA:12,2607
DA:13,2607
DA:14,2607
DA:18,1120
DA:33,2
DA:34,2
DA:35,2
DA:39,1
DA:43,4
DA:44,1
DA:45,1
DA:46,1
DA:47,1
DA:48,1
DA:49,4
DA:50,4
DA:51,3
DA:52,3
DA:53,1
DA:55,1
DA:56,3
DA:57,1
DA:59,1
DA:63,4
DA:64,4
DA:65,4
DA:66,4
DA:67,1484
DA:68,1484
DA:69,1484
DA:71,4
DA:75,3
DA:76,3
DA:77,3
DA:78,3
DA:79,3
DA:80,3
DA:82,3
DA:83,1113
DA:84,1113
DA:85,1113
DA:86,1113
DA:87,1113
DA:88,1113
DA:89,1113
DA:90,1113
DA:91,1113
DA:92,1113
DA:93,1113
DA:94,1113
DA:95,1113
DA:96,1113
DA:97,1113
DA:99,3
LF:54
LH:54
BRDA:39,0,0,1
BRDA:39,0,1,1
BRDA:43,1,0,0
BRDA:43,1,1,4
BRDA:43,2,0,4
BRDA:43,2,1,0
BRDA:49,3,0,4
BRDA:49,3,1,0
BRDA:49,3,2,0
BRDA:50,4,0,3
BRDA:50,4,1,1
BRDA:52,5,0,2
BRDA:52,5,1,1
BRDA:56,6,0,2
BRDA:56,6,1,1
BRDA:69,7,0,1484
BRDA:69,7,1,1481
BRDA:69,8,0,1484
BRDA:69,8,1,1481
BRDA:74,9,0,0
BRDA:87,10,0,318
BRDA:87,10,1,795
BRDA:87,11,0,1113
BRDA:87,11,1,954
BRDA:91,12,0,93
BRDA:91,12,1,1020
BRDA:93,13,0,918
BRDA:93,13,1,195
BRDA:94,14,0,630
BRDA:94,14,1,483
BRDA:95,15,0,300
BRDA:95,15,1,813
BRDA:96,16,0,120
BRDA:96,16,1,993
BRF:34
BRH:29
end_of_record
TN:
SF:src\ui\components\grid\contribution.ts
FN:3,formatContribLabel
FNF:1
FNH:1
FNDA:4,formatContribLabel
DA:1,4
DA:4,4
DA:10,4
DA:11,3
DA:12,2
LF:5
LH:5
BRDA:10,0,0,1
BRDA:10,0,1,3
BRDA:11,1,0,1
BRDA:11,1,1,2
BRF:4
BRH:4
end_of_record
TN:
SF:src\ui\components\grid\load-initial-contributions.ts
FN:25,loadInitialContributions
FNF:1
FNH:1
FNDA:3,loadInitialContributions
DA:30,3
DA:31,3
DA:32,1
DA:33,2
DA:34,2
DA:35,2
DA:36,2
DA:37,2
DA:39,2
DA:40,2
DA:41,1
LF:11
LH:11
BRDA:27,0,0,0
BRDA:31,1,0,1
BRDA:31,1,1,2
BRDA:35,2,0,1
BRDA:35,2,1,1
BRDA:35,3,0,2
BRDA:35,3,1,2
BRDA:37,4,0,2
BRDA:37,4,1,0
BRDA:37,5,0,2
BRDA:37,5,1,2
BRDA:40,6,0,1
BRDA:40,6,1,1
BRF:13
BRH:11
end_of_record
TN:
SF:src\ui\components\grid\mini-grid.ts
FN:12,generateMiniGrid
FN:21,(anonymous_1)
FN:26,(anonymous_2)
FNF:3
FNH:3
FNDA:5,generateMiniGrid
FNDA:371,(anonymous_1)
FNDA:728,(anonymous_2)
DA:4,1
DA:5,1
DA:6,1
DA:7,1
DA:8,1
DA:9,1
DA:10,1
DA:17,5
DA:18,1
DA:19,1
DA:20,1
DA:21,371
DA:23,4
DA:24,4
DA:25,4
DA:26,4
DA:27,728
DA:28,728
DA:29,728
DA:30,728
DA:31,572
DA:32,432
DA:33,316
DA:34,176
DA:38,5
DA:39,5
DA:40,5
DA:41,5
DA:42,5
DA:43,157
DA:44,1099
DA:45,1099
DA:48,5
LF:33
LH:33
BRDA:17,0,0,1
BRDA:17,0,1,4
BRDA:17,1,0,5
BRDA:17,1,1,1
BRDA:21,2,0,371
BRDA:21,2,1,0
BRDA:30,3,0,156
BRDA:30,3,1,572
BRDA:31,4,0,140
BRDA:31,4,1,432
BRDA:32,5,0,116
BRDA:32,5,1,316
BRDA:33,6,0,140
BRDA:33,6,1,176
BRDA:40,7,0,1
BRDA:40,7,1,4
BRF:16
BRH:15
end_of_record
TN:
SF:src\ui\components\grid\render-svg.ts
FN:19,renderCalendarString
FN:33,(anonymous_1)
FN:50,(anonymous_2)
FN:55,(anonymous_3)
FN:62,(anonymous_4)
FN:63,(anonymous_5)
FN:84,shapePreviewSVG
FNF:7
FNH:7
FNDA:6,renderCalendarString
FNDA:318,(anonymous_1)
FNDA:5,(anonymous_2)
FNDA:15,(anonymous_3)
FNDA:318,(anonymous_4)
FNDA:2226,(anonymous_5)
FNDA:4,shapePreviewSVG
DA:27,6
DA:28,6
DA:29,318
DA:31,6
DA:32,6
DA:33,6
DA:34,318
DA:35,318
DA:36,318
DA:37,6
DA:38,6
DA:42,6
DA:43,6
DA:45,6
DA:46,6
DA:49,6
DA:50,5
DA:51,5
DA:55,5
DA:56,15
DA:61,6
DA:62,6
DA:63,318
DA:64,2226
DA:65,2226
DA:66,2226
DA:67,2226
DA:68,2226
DA:69,2226
DA:70,2226
DA:71,371
DA:72,1855
DA:73,371
DA:74,371
DA:76,1484
DA:80,6
DA:81,6
DA:85,4
DA:86,4
DA:87,1
DA:88,3
DA:89,1
DA:90,2
DA:91,1
DA:92,1
DA:94,1
DA:95,1
LF:47
LH:47
BRDA:22,0,0,3
BRDA:23,1,0,6
BRDA:24,2,0,6
BRDA:25,3,0,4
BRDA:34,4,0,0
BRDA:34,4,1,318
BRDA:36,5,0,6
BRDA:36,5,1,312
BRDA:36,6,0,318
BRDA:36,6,1,6
BRDA:49,7,0,5
BRDA:49,7,1,1
BRDA:65,8,0,2226
BRDA:65,8,1,0
BRDA:68,9,0,2226
BRDA:68,9,1,0
BRDA:70,10,0,371
BRDA:70,10,1,1855
BRDA:72,11,0,371
BRDA:72,11,1,1484
BRDA:86,12,0,1
BRDA:86,12,1,3
BRDA:88,13,0,1
BRDA:88,13,1,2
BRDA:90,14,0,1
BRDA:90,14,1,1
BRDA:94,15,0,0
BRDA:94,15,1,1
BRF:28
BRH:24
end_of_record
TN:
SF:src\ui\utils\contribution-errors.ts
FN:9,(anonymous_0)
FNF:1
FNH:1
FNDA:5,(anonymous_0)
DA:1,1
DA:7,1
DA:9,5
LF:3
LH:3
BRDA:9,0,0,5
BRDA:9,0,1,2
BRF:2
BRH:2
end_of_record
TN:
SF:src\ui\utils\cookie.ts
FN:4,readUsernameCookie
FN:13,writeUsernameCookie
FN:25,seedUsernameCookie
FNF:3
FNH:3
FNDA:5,readUsernameCookie
FNDA:2,writeUsernameCookie
FNDA:2,seedUsernameCookie
DA:1,1
DA:2,1
DA:5,5
DA:6,5
DA:7,4
DA:9,1
DA:14,2
DA:15,2
DA:26,2
LF:9
LH:9
BRDA:7,0,0,4
BRDA:7,0,1,2
BRDA:26,1,0,1
BRDA:26,1,1,1
BRF:4
BRH:4
end_of_record
TN:
SF:src\ui\utils\crypto.ts
FN:6,(anonymous_0)
FN:8,(anonymous_1)
FN:9,(anonymous_2)
FNF:3
FNH:3
FNDA:4,(anonymous_0)
FNDA:8,(anonymous_1)
FNDA:9,(anonymous_2)
DA:6,1
DA:7,4
DA:8,8
DA:9,9
LF:4
LH:4
BRF:0
BRH:0
end_of_record
TN:
SF:src\ui\utils\failure-http.ts
FN:10,(anonymous_0)
FN:13,(anonymous_1)
FN:15,(anonymous_2)
FNF:3
FNH:3
FNDA:31,(anonymous_0)
FNDA:11,(anonymous_1)
FNDA:11,(anonymous_2)
DA:3,4
DA:10,4
DA:11,31
DA:13,11
DA:15,4
DA:16,11
LF:6
LH:6
BRDA:11,0,0,31
BRDA:11,0,1,30
BRDA:11,0,2,25
BRDA:16,1,0,3
BRDA:16,1,1,8
BRF:5
BRH:5
end_of_record
TN:
SF:src\ui\utils\log-server-error.ts
FN:11,(anonymous_0)
FN:14,(anonymous_1)
FNF:2
FNH:2
FNDA:3,(anonymous_0)
FNDA:3,(anonymous_1)
DA:11,1
DA:12,3
DA:14,1
DA:15,3
LF:4
LH:4
BRDA:12,0,0,1
BRDA:12,0,1,2
BRDA:12,1,0,1
BRDA:12,1,1,1
BRF:4
BRH:4
end_of_record
TN:
SF:src\ui\utils\mulberry.ts
FN:9,(anonymous_0)
FN:11,(anonymous_1)
FNF:2
FNH:2
FNDA:13,(anonymous_0)
FNDA:3964,(anonymous_1)
DA:1,4
DA:2,4
DA:3,4
DA:4,4
DA:5,4
DA:6,4
DA:7,4
DA:9,4
DA:10,13
DA:11,13
DA:12,3964
DA:13,3964
DA:14,3964
DA:15,3964
DA:16,3964
LF:15
LH:15
BRF:0
BRH:0
end_of_record
TN:
SF:src\ui\utils\page-init.ts
FN:35,(anonymous_0)
FN:38,(anonymous_1)
FN:41,(anonymous_2)
FN:44,renderWidget
FN:54,renderCustomize
FN:70,(anonymous_5)
FN:81,renderExportPreview
FN:116,(anonymous_7)
FN:117,(anonymous_8)
FN:119,(anonymous_9)
FN:133,updateYearRange
FN:139,updateHeroStats
FN:148,setHeroError
FN:160,renderFromGitHub
FN:196,(anonymous_14)
FN:221,activateRadio
FN:222,(anonymous_16)
FN:230,addRadioKeyboard
FN:232,(anonymous_18)
FN:255,initPaletteList
FN:257,(anonymous_20)
FN:258,(anonymous_21)
FN:266,initShapeList
FN:268,(anonymous_23)
FN:269,(anonymous_24)
FN:277,activateTab
FN:278,(anonymous_26)
FN:288,initExportTabs
FN:290,(anonymous_28)
FN:291,(anonymous_29)
FN:295,(anonymous_30)
FN:319,syncSuggestionSelection
FN:322,(anonymous_32)
FN:329,initUsernameStrip
FN:336,(anonymous_34)
FN:346,(anonymous_35)
FN:350,(anonymous_36)
FN:363,(anonymous_37)
FN:364,(anonymous_38)
FN:374,initHistoryNav
FN:375,(anonymous_40)
FN:387,initCellTooltip
FN:394,positionTooltip
FN:406,showTooltip
FN:416,hideTooltip
FN:421,(anonymous_45)
FN:426,(anonymous_46)
FN:430,(anonymous_47)
FN:439,initUsernameState
FN:456,initPage
FNF:50
FNH:0
FNDA:0,(anonymous_0)
FNDA:0,(anonymous_1)
FNDA:0,(anonymous_2)
FNDA:0,renderWidget
FNDA:0,renderCustomize
FNDA:0,(anonymous_5)
FNDA:0,renderExportPreview
FNDA:0,(anonymous_7)
FNDA:0,(anonymous_8)
FNDA:0,(anonymous_9)
FNDA:0,updateYearRange
FNDA:0,updateHeroStats
FNDA:0,setHeroError
FNDA:0,renderFromGitHub
FNDA:0,(anonymous_14)
FNDA:0,activateRadio
FNDA:0,(anonymous_16)
FNDA:0,addRadioKeyboard
FNDA:0,(anonymous_18)
FNDA:0,initPaletteList
FNDA:0,(anonymous_20)
FNDA:0,(anonymous_21)
FNDA:0,initShapeList
FNDA:0,(anonymous_23)
FNDA:0,(anonymous_24)
FNDA:0,activateTab
FNDA:0,(anonymous_26)
FNDA:0,initExportTabs
FNDA:0,(anonymous_28)
FNDA:0,(anonymous_29)
FNDA:0,(anonymous_30)
FNDA:0,syncSuggestionSelection
FNDA:0,(anonymous_32)
FNDA:0,initUsernameStrip
FNDA:0,(anonymous_34)
FNDA:0,(anonymous_35)
FNDA:0,(anonymous_36)
FNDA:0,(anonymous_37)
FNDA:0,(anonymous_38)
FNDA:0,initHistoryNav
FNDA:0,(anonymous_40)
FNDA:0,initCellTooltip
FNDA:0,positionTooltip
FNDA:0,showTooltip
FNDA:0,hideTooltip
FNDA:0,(anonymous_45)
FNDA:0,(anonymous_46)
FNDA:0,(anonymous_47)
FNDA:0,initUsernameState
FNDA:0,initPage
DA:24,0
DA:28,0
DA:30,0
DA:32,0
DA:33,0
DA:35,0
DA:36,0
DA:38,0
DA:39,0
DA:41,0
DA:42,0
DA:45,0
DA:46,0
DA:47,0
DA:48,0
DA:49,0
DA:50,0
DA:51,0
DA:55,0
DA:56,0
DA:57,0
DA:58,0
DA:59,0
DA:67,0
DA:68,0
DA:69,0
DA:70,0
DA:71,0
DA:73,0
DA:74,0
DA:75,0
DA:76,0
DA:77,0
DA:78,0
DA:82,0
DA:83,0
DA:84,0
DA:85,0
DA:86,0
DA:87,0
DA:88,0
DA:89,0
DA:91,0
DA:92,0
DA:93,0
DA:94,0
DA:95,0
DA:96,0
DA:97,0
DA:98,0
DA:99,0
DA:100,0
DA:101,0
DA:102,0
DA:103,0
DA:104,0
DA:106,0
DA:107,0
DA:108,0
DA:110,0
DA:113,0
DA:114,0
DA:115,0
DA:116,0
DA:117,0
DA:118,0
DA:119,0
DA:120,0
DA:124,0
DA:125,0
DA:126,0
DA:127,0
DA:128,0
DA:130,0
DA:134,0
DA:135,0
DA:136,0
DA:140,0
DA:141,0
DA:142,0
DA:143,0
DA:144,0
DA:145,0
DA:149,0
DA:150,0
DA:151,0
DA:152,0
DA:153,0
DA:155,0
DA:156,0
DA:161,0
DA:162,0
DA:163,0
DA:164,0
DA:165,0
DA:166,0
DA:168,0
DA:169,0
DA:171,0
DA:172,0
DA:173,0
DA:175,0
DA:176,0
DA:177,0
DA:179,0
DA:180,0
DA:181,0
DA:183,0
DA:184,0
DA:185,0
DA:186,0
DA:187,0
DA:188,0
DA:190,0
DA:191,0
DA:192,0
DA:193,0
DA:194,0
DA:195,0
DA:196,0
DA:202,0
DA:203,0
DA:204,0
DA:205,0
DA:206,0
DA:207,0
DA:210,0
DA:211,0
DA:212,0
DA:213,0
DA:214,0
DA:217,0
DA:218,0
DA:222,0
DA:223,0
DA:224,0
DA:226,0
DA:227,0
DA:231,0
DA:232,0
DA:233,0
DA:234,0
DA:235,0
DA:236,0
DA:237,0
DA:238,0
DA:239,0
DA:240,0
DA:241,0
DA:242,0
DA:243,0
DA:244,0
DA:245,0
DA:246,0
DA:248,0
DA:249,0
DA:250,0
DA:251,0
DA:256,0
DA:257,0
DA:258,0
DA:259,0
DA:260,0
DA:262,0
DA:267,0
DA:268,0
DA:269,0
DA:270,0
DA:271,0
DA:273,0
DA:278,0
DA:279,0
DA:280,0
DA:282,0
DA:283,0
DA:284,0
DA:285,0
DA:289,0
DA:290,0
DA:291,0
DA:292,0
DA:293,0
DA:295,0
DA:296,0
DA:297,0
DA:298,0
DA:299,0
DA:300,0
DA:301,0
DA:302,0
DA:303,0
DA:304,0
DA:305,0
DA:306,0
DA:307,0
DA:308,0
DA:309,0
DA:311,0
DA:312,0
DA:313,0
DA:314,0
DA:320,0
DA:321,0
DA:322,0
DA:323,0
DA:324,0
DA:325,0
DA:330,0
DA:331,0
DA:332,0
DA:333,0
DA:334,0
DA:336,0
DA:337,0
DA:338,0
DA:339,0
DA:340,0
DA:341,0
DA:343,0
DA:346,0
DA:347,0
DA:348,0
DA:350,0
DA:351,0
DA:352,0
DA:353,0
DA:354,0
DA:355,0
DA:357,0
DA:358,0
DA:359,0
DA:360,0
DA:362,0
DA:363,0
DA:364,0
DA:365,0
DA:366,0
DA:367,0
DA:368,0
DA:369,0
DA:375,0
DA:376,0
DA:377,0
DA:378,0
DA:379,0
DA:380,0
DA:381,0
DA:382,0
DA:383,0
DA:388,0
DA:389,0
DA:390,0
DA:392,0
DA:395,0
DA:396,0
DA:397,0
DA:398,0
DA:399,0
DA:400,0
DA:401,0
DA:402,0
DA:403,0
DA:407,0
DA:408,0
DA:412,0
DA:413,0
DA:417,0
DA:418,0
DA:421,0
DA:422,0
DA:423,0
DA:424,0
DA:426,0
DA:427,0
DA:428,0
DA:430,0
DA:431,0
DA:432,0
DA:434,0
DA:435,0
DA:436,0
DA:440,0
DA:441,0
DA:442,0
DA:444,0
DA:445,0
DA:447,0
DA:448,0
DA:449,0
DA:450,0
DA:453,0
DA:457,0
DA:458,0
DA:459,0
DA:460,0
DA:461,0
DA:462,0
DA:463,0
DA:464,0
DA:465,0
DA:466,0
DA:467,0
LF:302
LH:0
BRDA:24,0,0,0
BRDA:24,0,1,0
BRDA:24,1,0,0
BRDA:24,1,1,0
BRDA:36,2,0,0
BRDA:36,2,1,0
BRDA:39,3,0,0
BRDA:39,3,1,0
BRDA:42,4,0,0
BRDA:42,4,1,0
BRDA:47,5,0,0
BRDA:47,5,1,0
BRDA:49,6,0,0
BRDA:49,6,1,0
BRDA:51,7,0,0
BRDA:51,7,1,0
BRDA:51,8,0,0
BRDA:51,8,1,0
BRDA:58,9,0,0
BRDA:58,9,1,0
BRDA:68,10,0,0
BRDA:68,10,1,0
BRDA:71,11,0,0
BRDA:71,11,1,0
BRDA:74,12,0,0
BRDA:74,12,1,0
BRDA:76,13,0,0
BRDA:76,13,1,0
BRDA:83,14,0,0
BRDA:83,14,1,0
BRDA:91,15,0,0
BRDA:91,15,1,0
BRDA:108,16,0,0
BRDA:108,16,1,0
BRDA:110,17,0,0
BRDA:110,17,1,0
BRDA:127,18,0,0
BRDA:127,18,1,0
BRDA:135,19,0,0
BRDA:135,19,1,0
BRDA:135,20,0,0
BRDA:135,20,1,0
BRDA:141,21,0,0
BRDA:141,21,1,0
BRDA:144,22,0,0
BRDA:144,22,1,0
BRDA:150,23,0,0
BRDA:150,23,1,0
BRDA:151,24,0,0
BRDA:151,24,1,0
BRDA:160,25,0,0
BRDA:160,26,0,0
BRDA:166,27,0,0
BRDA:166,27,1,0
BRDA:166,28,0,0
BRDA:166,28,1,0
BRDA:168,29,0,0
BRDA:168,29,1,0
BRDA:169,30,0,0
BRDA:169,30,1,0
BRDA:169,31,0,0
BRDA:169,31,1,0
BRDA:171,32,0,0
BRDA:171,32,1,0
BRDA:177,33,0,0
BRDA:177,33,1,0
BRDA:183,34,0,0
BRDA:183,34,1,0
BRDA:184,35,0,0
BRDA:184,35,1,0
BRDA:184,35,2,0
BRDA:185,36,0,0
BRDA:185,36,1,0
BRDA:190,37,0,0
BRDA:190,37,1,0
BRDA:194,38,0,0
BRDA:194,38,1,0
BRDA:199,39,0,0
BRDA:199,39,1,0
BRDA:202,40,0,0
BRDA:202,40,1,0
BRDA:207,41,0,0
BRDA:207,41,1,0
BRDA:211,42,0,0
BRDA:211,42,1,0
BRDA:218,43,0,0
BRDA:218,43,1,0
BRDA:235,44,0,0
BRDA:235,44,1,0
BRDA:235,45,0,0
BRDA:235,45,1,0
BRDA:238,46,0,0
BRDA:238,46,1,0
BRDA:238,47,0,0
BRDA:238,47,1,0
BRDA:241,48,0,0
BRDA:241,48,1,0
BRDA:244,49,0,0
BRDA:244,49,1,0
BRDA:248,50,0,0
BRDA:248,50,1,0
BRDA:285,51,0,0
BRDA:285,51,1,0
BRDA:285,52,0,0
BRDA:285,52,1,0
BRDA:298,53,0,0
BRDA:298,53,1,0
BRDA:301,54,0,0
BRDA:301,54,1,0
BRDA:304,55,0,0
BRDA:304,55,1,0
BRDA:307,56,0,0
BRDA:307,56,1,0
BRDA:311,57,0,0
BRDA:311,57,1,0
BRDA:321,58,0,0
BRDA:321,58,1,0
BRDA:321,58,2,0
BRDA:323,59,0,0
BRDA:323,59,1,0
BRDA:334,60,0,0
BRDA:334,60,1,0
BRDA:334,61,0,0
BRDA:334,61,1,0
BRDA:334,61,2,0
BRDA:338,62,0,0
BRDA:338,62,1,0
BRDA:352,63,0,0
BRDA:352,63,1,0
BRDA:355,64,0,0
BRDA:355,64,1,0
BRDA:358,65,0,0
BRDA:358,65,1,0
BRDA:360,66,0,0
BRDA:360,66,1,0
BRDA:366,67,0,0
BRDA:366,67,1,0
BRDA:380,68,0,0
BRDA:380,68,1,0
BRDA:381,69,0,0
BRDA:381,69,1,0
BRDA:382,70,0,0
BRDA:382,70,1,0
BRDA:389,71,0,0
BRDA:389,71,1,0
BRDA:389,72,0,0
BRDA:389,72,1,0
BRDA:395,73,0,0
BRDA:395,73,1,0
BRDA:401,74,0,0
BRDA:401,74,1,0
BRDA:409,75,0,0
BRDA:409,75,1,0
BRDA:410,76,0,0
BRDA:410,76,1,0
BRDA:412,77,0,0
BRDA:412,77,1,0
BRDA:418,78,0,0
BRDA:418,78,1,0
BRDA:422,79,0,0
BRDA:422,79,1,0
BRDA:423,80,0,0
BRDA:423,80,1,0
BRDA:423,81,0,0
BRDA:423,81,1,0
BRDA:427,82,0,0
BRDA:427,82,1,0
BRDA:428,83,0,0
BRDA:428,83,1,0
BRDA:432,84,0,0
BRDA:432,84,1,0
BRDA:432,85,0,0
BRDA:432,85,1,0
BRDA:441,86,0,0
BRDA:441,86,1,0
BRDA:445,87,0,0
BRDA:445,87,1,0
BRDA:447,88,0,0
BRDA:447,88,1,0
BRF:179
BRH:0
end_of_record
TN:
SF:src\ui\utils\url.ts
FN:1,readUsernameFromUrl
FN:5,readYearFromUrl
FN:10,syncUrl
FNF:3
FNH:3
FNDA:2,readUsernameFromUrl
FNDA:3,readYearFromUrl
FNDA:2,syncUrl
DA:2,2
DA:6,3
DA:7,3
DA:11,2
DA:12,2
DA:13,0
DA:14,2
DA:15,1
DA:16,2
LF:9
LH:8
BRDA:2,0,0,2
BRDA:2,0,1,1
BRDA:7,1,0,1
BRDA:7,1,1,2
BRDA:7,2,0,3
BRDA:7,2,1,2
BRDA:12,3,0,2
BRDA:12,3,1,0
BRDA:14,4,0,1
BRDA:14,4,1,1
BRDA:14,5,0,2
BRDA:14,5,1,2
BRDA:16,6,0,2
BRDA:16,6,1,0
BRF:14
BRH:12
end_of_record
